<?xml version="1.0" encoding="UTF-8"?>
<testng-results skipped="0" failed="2" ignored="0" total="6" passed="4">
  <reporter-output>
  </reporter-output>
  <suite name="API Testing" duration-ms="7254" started-at="2019-11-01T15:13:39Z" finished-at="2019-11-01T15:13:46Z">
    <groups>
    </groups>
    <test name="Regression Test" duration-ms="7254" started-at="2019-11-01T15:13:39Z" finished-at="2019-11-01T15:13:46Z">
      <class name="org.restapi.test.PutAPITest">
        <test-method status="PASS" signature="setup()[pri:0, instance:org.restapi.test.PutAPITest@27efef64]" name="setup" is-config="true" duration-ms="0" started-at="2019-11-01T15:13:41Z" finished-at="2019-11-01T15:13:41Z">
          <reporter-output>
          </reporter-output>
        </test-method> <!-- setup -->
        <test-method status="PASS" signature="putCallTest()[pri:0, instance:org.restapi.test.PutAPITest@27efef64]" name="putCallTest" duration-ms="800" started-at="2019-11-01T15:13:41Z" finished-at="2019-11-01T15:13:42Z">
          <reporter-output>
          </reporter-output>
        </test-method> <!-- putCallTest -->
      </class> <!-- org.restapi.test.PutAPITest -->
      <class name="org.restapi.test.GetAPITest">
        <test-method status="PASS" signature="setup()[pri:0, instance:org.restapi.test.GetAPITest@6f7fd0e6]" name="setup" is-config="true" duration-ms="0" started-at="2019-11-01T15:13:42Z" finished-at="2019-11-01T15:13:42Z">
          <reporter-output>
          </reporter-output>
        </test-method> <!-- setup -->
        <test-method status="FAIL" signature="getCallTestWithHeader()[pri:0, instance:org.restapi.test.GetAPITest@6f7fd0e6]" name="getCallTestWithHeader" duration-ms="1357" started-at="2019-11-01T15:13:42Z" finished-at="2019-11-01T15:13:43Z">
          <exception class="org.json.JSONException">
            <message>
              <![CDATA[A JSONObject text must begin with '{' at 1 [character 2 line 1]]]>
            </message>
            <full-stacktrace>
              <![CDATA[org.json.JSONException: A JSONObject text must begin with '{' at 1 [character 2 line 1]
at org.json.JSONTokener.syntaxError(JSONTokener.java:433)
at org.json.JSONObject.<init>(JSONObject.java:195)
at org.json.JSONObject.<init>(JSONObject.java:319)
at org.restapi.test.GetAPITest.getCallTestWithHeader(GetAPITest.java:93)
at sun.reflect.NativeMethodAccessorImpl.invoke0(Native Method)
at sun.reflect.NativeMethodAccessorImpl.invoke(NativeMethodAccessorImpl.java:62)
at sun.reflect.DelegatingMethodAccessorImpl.invoke(DelegatingMethodAccessorImpl.java:43)
at java.lang.reflect.Method.invoke(Method.java:498)
at org.testng.internal.MethodInvocationHelper.invokeMethod(MethodInvocationHelper.java:124)
at org.testng.internal.Invoker.invokeMethod(Invoker.java:583)
at org.testng.internal.Invoker.invokeTestMethod(Invoker.java:719)
at org.testng.internal.Invoker.invokeTestMethods(Invoker.java:989)
at org.testng.internal.TestMethodWorker.invokeTestMethods(TestMethodWorker.java:125)
at org.testng.internal.TestMethodWorker.run(TestMethodWorker.java:109)
at org.testng.TestRunner.privateRun(TestRunner.java:648)
at org.testng.TestRunner.run(TestRunner.java:505)
at org.testng.SuiteRunner.runTest(SuiteRunner.java:455)
at org.testng.SuiteRunner.runSequentially(SuiteRunner.java:450)
at org.testng.SuiteRunner.privateRun(SuiteRunner.java:415)
at org.testng.SuiteRunner.run(SuiteRunner.java:364)
at org.testng.SuiteRunnerWorker.runSuite(SuiteRunnerWorker.java:52)
at org.testng.SuiteRunnerWorker.run(SuiteRunnerWorker.java:84)
at org.testng.TestNG.runSuitesSequentially(TestNG.java:1208)
at org.testng.TestNG.runSuitesLocally(TestNG.java:1137)
at org.testng.TestNG.runSuites(TestNG.java:1049)
at org.testng.TestNG.run(TestNG.java:1017)
at org.testng.remote.AbstractRemoteTestNG.run(AbstractRemoteTestNG.java:114)
at org.testng.remote.RemoteTestNG.initAndRun(RemoteTestNG.java:251)
at org.testng.remote.RemoteTestNG.main(RemoteTestNG.java:77)
]]>
            </full-stacktrace>
          </exception> <!-- org.json.JSONException -->
          <reporter-output>
          </reporter-output>
        </test-method> <!-- getCallTestWithHeader -->
        <test-method status="PASS" signature="setup()[pri:0, instance:org.restapi.test.GetAPITest@6f7fd0e6]" name="setup" is-config="true" duration-ms="1" started-at="2019-11-01T15:13:43Z" finished-at="2019-11-01T15:13:43Z">
          <reporter-output>
          </reporter-output>
        </test-method> <!-- setup -->
        <test-method status="FAIL" signature="getCallTestWithoutHeader()[pri:0, instance:org.restapi.test.GetAPITest@6f7fd0e6]" name="getCallTestWithoutHeader" duration-ms="1078" started-at="2019-11-01T15:13:43Z" finished-at="2019-11-01T15:13:44Z">
          <exception class="org.json.JSONException">
            <message>
              <![CDATA[A JSONObject text must begin with '{' at 1 [character 2 line 1]]]>
            </message>
            <full-stacktrace>
              <![CDATA[org.json.JSONException: A JSONObject text must begin with '{' at 1 [character 2 line 1]
at org.json.JSONTokener.syntaxError(JSONTokener.java:433)
at org.json.JSONObject.<init>(JSONObject.java:195)
at org.json.JSONObject.<init>(JSONObject.java:319)
at org.restapi.test.GetAPITest.getCallTestWithoutHeader(GetAPITest.java:58)
at sun.reflect.NativeMethodAccessorImpl.invoke0(Native Method)
at sun.reflect.NativeMethodAccessorImpl.invoke(NativeMethodAccessorImpl.java:62)
at sun.reflect.DelegatingMethodAccessorImpl.invoke(DelegatingMethodAccessorImpl.java:43)
at java.lang.reflect.Method.invoke(Method.java:498)
at org.testng.internal.MethodInvocationHelper.invokeMethod(MethodInvocationHelper.java:124)
at org.testng.internal.Invoker.invokeMethod(Invoker.java:583)
at org.testng.internal.Invoker.invokeTestMethod(Invoker.java:719)
at org.testng.internal.Invoker.invokeTestMethods(Invoker.java:989)
at org.testng.internal.TestMethodWorker.invokeTestMethods(TestMethodWorker.java:125)
at org.testng.internal.TestMethodWorker.run(TestMethodWorker.java:109)
at org.testng.TestRunner.privateRun(TestRunner.java:648)
at org.testng.TestRunner.run(TestRunner.java:505)
at org.testng.SuiteRunner.runTest(SuiteRunner.java:455)
at org.testng.SuiteRunner.runSequentially(SuiteRunner.java:450)
at org.testng.SuiteRunner.privateRun(SuiteRunner.java:415)
at org.testng.SuiteRunner.run(SuiteRunner.java:364)
at org.testng.SuiteRunnerWorker.runSuite(SuiteRunnerWorker.java:52)
at org.testng.SuiteRunnerWorker.run(SuiteRunnerWorker.java:84)
at org.testng.TestNG.runSuitesSequentially(TestNG.java:1208)
at org.testng.TestNG.runSuitesLocally(TestNG.java:1137)
at org.testng.TestNG.runSuites(TestNG.java:1049)
at org.testng.TestNG.run(TestNG.java:1017)
at org.testng.remote.AbstractRemoteTestNG.run(AbstractRemoteTestNG.java:114)
at org.testng.remote.RemoteTestNG.initAndRun(RemoteTestNG.java:251)
at org.testng.remote.RemoteTestNG.main(RemoteTestNG.java:77)
]]>
            </full-stacktrace>
          </exception> <!-- org.json.JSONException -->
          <reporter-output>
          </reporter-output>
        </test-method> <!-- getCallTestWithoutHeader -->
      </class> <!-- org.restapi.test.GetAPITest -->
      <class name="org.restapi.test.PostAPITest">
        <test-method status="PASS" signature="setup()[pri:0, instance:org.restapi.test.PostAPITest@59f99ea]" name="setup" is-config="true" duration-ms="15" started-at="2019-11-01T15:13:39Z" finished-at="2019-11-01T15:13:39Z">
          <reporter-output>
          </reporter-output>
        </test-method> <!-- setup -->
        <test-method status="PASS" signature="postCallMethod()[pri:0, instance:org.restapi.test.PostAPITest@59f99ea]" name="postCallMethod" duration-ms="2279" started-at="2019-11-01T15:13:39Z" finished-at="2019-11-01T15:13:41Z">
          <reporter-output>
          </reporter-output>
        </test-method> <!-- postCallMethod -->
      </class> <!-- org.restapi.test.PostAPITest -->
      <class name="org.restapi.test.DeleteAPITest">
        <test-method status="PASS" signature="setup()[pri:0, instance:org.restapi.test.DeleteAPITest@47c62251]" name="setup" is-config="true" duration-ms="0" started-at="2019-11-01T15:13:44Z" finished-at="2019-11-01T15:13:44Z">
          <reporter-output>
          </reporter-output>
        </test-method> <!-- setup -->
        <test-method status="PASS" signature="deleteCall()[pri:0, instance:org.restapi.test.DeleteAPITest@47c62251]" name="deleteCall" duration-ms="881" started-at="2019-11-01T15:13:44Z" finished-at="2019-11-01T15:13:45Z">
          <reporter-output>
          </reporter-output>
        </test-method> <!-- deleteCall -->
        <test-method status="PASS" signature="deleteCallWithHeader()[pri:0, instance:org.restapi.test.DeleteAPITest@47c62251]" name="deleteCallWithHeader" duration-ms="764" started-at="2019-11-01T15:13:45Z" finished-at="2019-11-01T15:13:46Z">
          <reporter-output>
          </reporter-output>
        </test-method> <!-- deleteCallWithHeader -->
        <test-method status="PASS" signature="setup()[pri:0, instance:org.restapi.test.DeleteAPITest@47c62251]" name="setup" is-config="true" duration-ms="0" started-at="2019-11-01T15:13:45Z" finished-at="2019-11-01T15:13:45Z">
          <reporter-output>
          </reporter-output>
        </test-method> <!-- setup -->
      </class> <!-- org.restapi.test.DeleteAPITest -->
    </test> <!-- Regression Test -->
  </suite> <!-- API Testing -->
</testng-results>
