<?xml version="1.0" encoding="UTF-8"?>
<testng-results skipped="0" failed="2" ignored="0" total="6" passed="4">
  <reporter-output>
  </reporter-output>
  <suite name="API Testing" duration-ms="7558" started-at="2019-11-06T09:39:36Z" finished-at="2019-11-06T09:39:43Z">
    <groups>
    </groups>
    <test name="Regression Test" duration-ms="7558" started-at="2019-11-06T09:39:36Z" finished-at="2019-11-06T09:39:43Z">
      <class name="org.restapi.test.PutAPITest">
        <test-method status="PASS" signature="setup()[pri:0, instance:org.restapi.test.PutAPITest@1b40d5f0]" name="setup" is-config="true" duration-ms="1" started-at="2019-11-06T15:09:38Z" finished-at="2019-11-06T15:09:38Z">
          <reporter-output>
          </reporter-output>
        </test-method> <!-- setup -->
        <test-method status="PASS" signature="putCallTest()[pri:0, instance:org.restapi.test.PutAPITest@1b40d5f0]" name="putCallTest" duration-ms="842" started-at="2019-11-06T15:09:38Z" finished-at="2019-11-06T15:09:39Z">
          <reporter-output>
          </reporter-output>
        </test-method> <!-- putCallTest -->
      </class> <!-- org.restapi.test.PutAPITest -->
      <class name="org.restapi.test.GetAPITest">
        <test-method status="PASS" signature="setup()[pri:0, instance:org.restapi.test.GetAPITest@ea4a92b]" name="setup" is-config="true" duration-ms="0" started-at="2019-11-06T15:09:39Z" finished-at="2019-11-06T15:09:39Z">
          <reporter-output>
          </reporter-output>
        </test-method> <!-- setup -->
        <test-method status="FAIL" signature="getCallTestWithHeader()[pri:0, instance:org.restapi.test.GetAPITest@ea4a92b]" name="getCallTestWithHeader" duration-ms="1403" started-at="2019-11-06T15:09:39Z" finished-at="2019-11-06T15:09:40Z">
          <exception class="org.json.JSONException">
            <message>
              <![CDATA[A JSONObject text must begin with '{' at 1 [character 2 line 1]]]>
            </message>
            <full-stacktrace>
              <![CDATA[org.json.JSONException: A JSONObject text must begin with '{' at 1 [character 2 line 1]
	at org.json.JSONTokener.syntaxError(JSONTokener.java:433)
	at org.json.JSONObject.<init>(JSONObject.java:195)
	at org.json.JSONObject.<init>(JSONObject.java:319)
	at org.restapi.test.GetAPITest.getCallTestWithHeader(GetAPITest.java:93)
	at sun.reflect.NativeMethodAccessorImpl.invoke0(Native Method)
	at sun.reflect.NativeMethodAccessorImpl.invoke(NativeMethodAccessorImpl.java:62)
	at sun.reflect.DelegatingMethodAccessorImpl.invoke(DelegatingMethodAccessorImpl.java:43)
	at java.lang.reflect.Method.invoke(Method.java:498)
	at org.testng.internal.MethodInvocationHelper.invokeMethod(MethodInvocationHelper.java:108)
	at org.testng.internal.Invoker.invokeMethod(Invoker.java:661)
	at org.testng.internal.Invoker.invokeTestMethod(Invoker.java:869)
	at org.testng.internal.Invoker.invokeTestMethods(Invoker.java:1193)
	at org.testng.internal.TestMethodWorker.invokeTestMethods(TestMethodWorker.java:126)
	at org.testng.internal.TestMethodWorker.run(TestMethodWorker.java:109)
	at org.testng.TestRunner.privateRun(TestRunner.java:744)
	at org.testng.TestRunner.run(TestRunner.java:602)
	at org.testng.SuiteRunner.runTest(SuiteRunner.java:380)
	at org.testng.SuiteRunner.runSequentially(SuiteRunner.java:375)
	at org.testng.SuiteRunner.privateRun(SuiteRunner.java:340)
	at org.testng.SuiteRunner.run(SuiteRunner.java:289)
	at org.testng.SuiteRunnerWorker.runSuite(SuiteRunnerWorker.java:52)
	at org.testng.SuiteRunnerWorker.run(SuiteRunnerWorker.java:86)
	at org.testng.TestNG.runSuitesSequentially(TestNG.java:1301)
	at org.testng.TestNG.runSuitesLocally(TestNG.java:1226)
	at org.testng.TestNG.runSuites(TestNG.java:1144)
	at org.testng.TestNG.run(TestNG.java:1115)
	at org.apache.maven.surefire.testng.TestNGExecutor.run(TestNGExecutor.java:295)
	at org.apache.maven.surefire.testng.TestNGXmlTestSuite.execute(TestNGXmlTestSuite.java:84)
	at org.apache.maven.surefire.testng.TestNGProvider.invoke(TestNGProvider.java:90)
	at org.apache.maven.surefire.booter.ForkedBooter.invokeProviderInSameClassLoader(ForkedBooter.java:203)
	at org.apache.maven.surefire.booter.ForkedBooter.runSuitesInProcess(ForkedBooter.java:155)
	at org.apache.maven.surefire.booter.ForkedBooter.main(ForkedBooter.java:103)
]]>
            </full-stacktrace>
          </exception> <!-- org.json.JSONException -->
          <reporter-output>
          </reporter-output>
        </test-method> <!-- getCallTestWithHeader -->
        <test-method status="PASS" signature="setup()[pri:0, instance:org.restapi.test.GetAPITest@ea4a92b]" name="setup" is-config="true" duration-ms="3" started-at="2019-11-06T15:09:40Z" finished-at="2019-11-06T15:09:40Z">
          <reporter-output>
          </reporter-output>
        </test-method> <!-- setup -->
        <test-method status="FAIL" signature="getCallTestWithoutHeader()[pri:0, instance:org.restapi.test.GetAPITest@ea4a92b]" name="getCallTestWithoutHeader" duration-ms="1325" started-at="2019-11-06T15:09:40Z" finished-at="2019-11-06T15:09:42Z">
          <exception class="org.json.JSONException">
            <message>
              <![CDATA[A JSONObject text must begin with '{' at 1 [character 2 line 1]]]>
            </message>
            <full-stacktrace>
              <![CDATA[org.json.JSONException: A JSONObject text must begin with '{' at 1 [character 2 line 1]
	at org.json.JSONTokener.syntaxError(JSONTokener.java:433)
	at org.json.JSONObject.<init>(JSONObject.java:195)
	at org.json.JSONObject.<init>(JSONObject.java:319)
	at org.restapi.test.GetAPITest.getCallTestWithoutHeader(GetAPITest.java:58)
	at sun.reflect.NativeMethodAccessorImpl.invoke0(Native Method)
	at sun.reflect.NativeMethodAccessorImpl.invoke(NativeMethodAccessorImpl.java:62)
	at sun.reflect.DelegatingMethodAccessorImpl.invoke(DelegatingMethodAccessorImpl.java:43)
	at java.lang.reflect.Method.invoke(Method.java:498)
	at org.testng.internal.MethodInvocationHelper.invokeMethod(MethodInvocationHelper.java:108)
	at org.testng.internal.Invoker.invokeMethod(Invoker.java:661)
	at org.testng.internal.Invoker.invokeTestMethod(Invoker.java:869)
	at org.testng.internal.Invoker.invokeTestMethods(Invoker.java:1193)
	at org.testng.internal.TestMethodWorker.invokeTestMethods(TestMethodWorker.java:126)
	at org.testng.internal.TestMethodWorker.run(TestMethodWorker.java:109)
	at org.testng.TestRunner.privateRun(TestRunner.java:744)
	at org.testng.TestRunner.run(TestRunner.java:602)
	at org.testng.SuiteRunner.runTest(SuiteRunner.java:380)
	at org.testng.SuiteRunner.runSequentially(SuiteRunner.java:375)
	at org.testng.SuiteRunner.privateRun(SuiteRunner.java:340)
	at org.testng.SuiteRunner.run(SuiteRunner.java:289)
	at org.testng.SuiteRunnerWorker.runSuite(SuiteRunnerWorker.java:52)
	at org.testng.SuiteRunnerWorker.run(SuiteRunnerWorker.java:86)
	at org.testng.TestNG.runSuitesSequentially(TestNG.java:1301)
	at org.testng.TestNG.runSuitesLocally(TestNG.java:1226)
	at org.testng.TestNG.runSuites(TestNG.java:1144)
	at org.testng.TestNG.run(TestNG.java:1115)
	at org.apache.maven.surefire.testng.TestNGExecutor.run(TestNGExecutor.java:295)
	at org.apache.maven.surefire.testng.TestNGXmlTestSuite.execute(TestNGXmlTestSuite.java:84)
	at org.apache.maven.surefire.testng.TestNGProvider.invoke(TestNGProvider.java:90)
	at org.apache.maven.surefire.booter.ForkedBooter.invokeProviderInSameClassLoader(ForkedBooter.java:203)
	at org.apache.maven.surefire.booter.ForkedBooter.runSuitesInProcess(ForkedBooter.java:155)
	at org.apache.maven.surefire.booter.ForkedBooter.main(ForkedBooter.java:103)
]]>
            </full-stacktrace>
          </exception> <!-- org.json.JSONException -->
          <reporter-output>
          </reporter-output>
        </test-method> <!-- getCallTestWithoutHeader -->
      </class> <!-- org.restapi.test.GetAPITest -->
      <class name="org.restapi.test.PostAPITest">
        <test-method status="PASS" signature="setup()[pri:0, instance:org.restapi.test.PostAPITest@4ec6a292]" name="setup" is-config="true" duration-ms="9" started-at="2019-11-06T15:09:36Z" finished-at="2019-11-06T15:09:36Z">
          <reporter-output>
          </reporter-output>
        </test-method> <!-- setup -->
        <test-method status="PASS" signature="postCallMethod()[pri:0, instance:org.restapi.test.PostAPITest@4ec6a292]" name="postCallMethod" duration-ms="2244" started-at="2019-11-06T15:09:36Z" finished-at="2019-11-06T15:09:38Z">
          <reporter-output>
          </reporter-output>
        </test-method> <!-- postCallMethod -->
      </class> <!-- org.restapi.test.PostAPITest -->
      <class name="org.restapi.test.DeleteAPITest">
        <test-method status="PASS" signature="setup()[pri:0, instance:org.restapi.test.DeleteAPITest@3c5a99da]" name="setup" is-config="true" duration-ms="0" started-at="2019-11-06T15:09:42Z" finished-at="2019-11-06T15:09:42Z">
          <reporter-output>
          </reporter-output>
        </test-method> <!-- setup -->
        <test-method status="PASS" signature="deleteCall()[pri:0, instance:org.restapi.test.DeleteAPITest@3c5a99da]" name="deleteCall" duration-ms="825" started-at="2019-11-06T15:09:42Z" finished-at="2019-11-06T15:09:42Z">
          <reporter-output>
          </reporter-output>
        </test-method> <!-- deleteCall -->
        <test-method status="PASS" signature="deleteCallWithHeader()[pri:0, instance:org.restapi.test.DeleteAPITest@3c5a99da]" name="deleteCallWithHeader" duration-ms="840" started-at="2019-11-06T15:09:42Z" finished-at="2019-11-06T15:09:43Z">
          <reporter-output>
          </reporter-output>
        </test-method> <!-- deleteCallWithHeader -->
        <test-method status="PASS" signature="setup()[pri:0, instance:org.restapi.test.DeleteAPITest@3c5a99da]" name="setup" is-config="true" duration-ms="0" started-at="2019-11-06T15:09:42Z" finished-at="2019-11-06T15:09:42Z">
          <reporter-output>
          </reporter-output>
        </test-method> <!-- setup -->
      </class> <!-- org.restapi.test.DeleteAPITest -->
    </test> <!-- Regression Test -->
  </suite> <!-- API Testing -->
</testng-results>
